[ 14032 0x10e4fddc0][19 Jun 15:34:13][TR_API] TR_API::TrAPIInitDebug: Debug initiated successfully 
[ 14032 0x10e4fddc0][19 Jun 15:34:13][COMMAND_LINE] COMMAND_LINE was started
[ 14032 0x10e4fddc0][19 Jun 15:34:13][RaisCertManager] RaisCertManager::CertManagerFactory::Create: Entering...
[ 14032 0x10e4fddc0][19 Jun 15:34:13][RaisCertManager] RaisCertManager::CertManagerFactory::CertManager: Entering
[ 14032 0x10e4fddc0][19 Jun 15:34:14][] handleCRLDistributionPoints: unsupported uri format https://www.apple.com/certificateauthority/root.crl
[ 14032 0x10e4fddc0][19 Jun 15:34:14][] handleCRLDistributionPoints: unsupported uri format hhtp://www.suscerte.gob.ve/lcr
[ 14032 0x10e4fddc0][19 Jun 15:34:14][RaisCertManager] RaisCertManager::KeychainHelper::init: Entering...
[ 14032 0x10e4fddc0][19 Jun 15:34:14][RaisCertManager] RaisCertManager::KeychainHelper::createHandles: Entering...
[ 14032 0x10e4fddc0][19 Jun 15:34:14][RaisCertManager] RaisCertManager::KeychainHelper::init: started server()
[ 14032 0x700004f6e000][19 Jun 15:34:14][RaisCertManager] RaisCertManager::KeychainHelper::server: Entering...
[ 14032 0x700004ff1000][19 Jun 15:34:14][TR_API] TR_API::TrAPI::TrAPIInitThread: Initializing...
[ 14032 0x700004ff1000][19 Jun 15:34:14][MessageLoop] MessageLoop::MessageLoop::Create: Message Loop created
[ 14032 0x700004ff1000][19 Jun 15:34:14][messaging] messaging::setup: created a new TCP multi-pipe
[ 14032 0x700004ff1000][19 Jun 15:34:14][TR_SRV2CL_X] TR_SRV2CL_X::Create: Created OK
[ 14032 0x700004ff1000][19 Jun 15:34:14][TR_CL2SRV] TR_CL2SRV::Create: Created OK
[ 14032 0x700004ff1000][19 Jun 15:34:14][TrComInf] TrComInf::TrComInfInit: __start__ Date: Jun 19, 2020
15:34:14
[ 14032 0x700004ff1000][19 Jun 15:34:14][messaging] messaging::add_msg: added a new cb: msg - 2
[ 14032 0x700004ff1000][19 Jun 15:34:14][tcpserver] TcpMultiPipe::pipe_socket_connect: Created m_sendingfd: 0x9 socket
[ 14032 0x700004ff1000][19 Jun 15:34:14][tcpserver] TcpMultiPipe::pipe_socket_connect: m_sendingfd: 0x9 socket connected
[ 14032 0x700004ff1000][19 Jun 15:34:14][tcpserver] TcpMultiPipe::pipe_if_connect: Successfully connected to socket on port 7778
[ 14032 0x700004ff1000][19 Jun 15:34:14][messaging] messaging::init: Successfully initialized pipe
[ 14032 0x700004ff1000][19 Jun 15:34:14][TrComInf] TrComInf::TrComInfInit: __end__ 15:34:14 Total time - 0 seconds
[ 14032 0x700004ff1000][19 Jun 15:34:14][TR_API] TR_API::TrAPI::TrAPIInitThread: Adding error cb
[ 14032 0x700004ff1000][19 Jun 15:34:14][TR_API] TR_API::TrAPI::TrAPIInitThread: Api Inited OK
[ 14032 0x700005074000][19 Jun 15:34:14][TR_API] TR_API::TrAPINotificationThread: Started
[ 14032 0x10e4fddc0][19 Jun 15:34:14][TR_API] TR_API::TrGetConfigArg: paramName == debug_mode_enabled
[ 14032 0x700005074000][19 Jun 15:34:14][TR_API] TR_API::TrAPINotificationThread: Acquiring queue mutex
[ 14032 0x10e4fddc0][19 Jun 15:34:14][TR_API] TR_API::TrGetConfiguration: Acquiring general mutex
[ 14032 0x700005074000][19 Jun 15:34:14][TR_API] TR_API::TrAPINotificationThread: Queue is empty. Waiting for it to fill
[ 14032 0x700005074000][19 Jun 15:34:14][TR_API] TR_API::TrAPINotificationThread: Released queue mutex
[ 14032 0x10e4fddc0][19 Jun 15:34:14][MSGOBJ] msg_obj_init: format=1.0 id=TR_PARAMS
[ 14032 0x10e4fddc0][19 Jun 15:34:14][TrComInf] TrComInfSendSync: __start__ 15:34:14
[ 14032 0x10e4fddc0][19 Jun 15:34:14][TrComInf] TrComInf::TrComInfSendAsynchronic: __start__ 15:34:14
[ 14032 0x10e4fddc0][19 Jun 15:34:14][TrComInf] TrComInf::TrComInf::TrComInfSendAsynchronic: Acquiring mutex
[ 14032 0x10e4fddc0][19 Jun 15:34:14][messaging] messaging::send_all: Sending Message {{ 2 }} , len 298
[ 14032 0x10e4fddc0][19 Jun 15:34:14][tcpserver] TcpMultiPipe::pipe_if_send: Message (306 bytes) written successfully to socket 0x9
[ 14032 0x10e4fddc0][19 Jun 15:34:14][TrComInf] TrComInf::TrComInf::TrComInfSendAsynchronic: Released mutex
[ 14032 0x10e4fddc0][19 Jun 15:34:14][TrComInf] TrComInf::TrComInfSendAsynchronic: __end__ 15:34:14 Total time - 0 seconds
[ 14032 0x700004ff1000][19 Jun 15:34:14][tcpserver] TcpMultiPipe_socket_rcv_handler: Entering
[ 14032 0x700004ff1000][19 Jun 15:34:14][tcpserver] TcpMultiPipe::socket_rcv_cb: Entering on socket 0x9
[ 14032 0x700004ff1000][19 Jun 15:34:14][tcpserver] TcpMultiPipe::socket_rcv_cb: Read 641 bytes from socket 0x9
[ 14032 0x700004ff1000][19 Jun 15:34:14][tcpserver] TcpMultiPipe::socket_rcv_cb: passed the SetLen!
[ 14032 0x700004ff1000][19 Jun 15:34:14][messaging] messaging::_receive_callback: added a new client item: pipeID - 9
[ 14032 0x700004ff1000][19 Jun 15:34:14][messaging] messaging::recognize_command: Received 2
[ 14032 0x700004ff1000][19 Jun 15:34:14][messaging] messaging::msg_invoke: Running cmd 2
[ 14032 0x700004ff1000][19 Jun 15:34:14][TrComInf] TrComInf::ReceiveMsg: Received ack!
[ 14032 0x10e4fddc0][19 Jun 15:34:14][TrComInf] TrComInfSendSync: __end__ 15:34:14 Total time - 0 seconds
[ 14032 0x10e4fddc0][19 Jun 15:34:14][TrMsg] TrMsg::HandleStringAfterInsertToSet: no change is needed
[ 14032 0x10e4fddc0][19 Jun 15:34:14][TrMsg] TrMsg::HandleStringAfterInsertToSet: no change is needed
[ 14032 0x10e4fddc0][19 Jun 15:34:14][TrMsg] TrMsg::HandleStringAfterInsertToSet: no change is needed
[ 14032 0x10e4fddc0][19 Jun 15:34:14][TrMsg] TrMsg::HandleStringAfterInsertToSet: no change is needed
[ 14032 0x10e4fddc0][19 Jun 15:34:14][TrMsg] TrMsg::HandleStringAfterInsertToSet: no change is needed
[ 14032 0x10e4fddc0][19 Jun 15:34:14][TrMsg] TrMsg::HandleStringAfterInsertToSet: no change is needed
[ 14032 0x10e4fddc0][19 Jun 15:34:14][TrMsg] TrMsg::HandleStringAfterInsertToSet: no change is needed
[ 14032 0x10e4fddc0][19 Jun 15:34:14][TrMsg] TrMsg::HandleStringAfterInsertToSet: no change is needed
[ 14032 0x10e4fddc0][19 Jun 15:34:14][TR_API] TR_API::TrGetConfiguration: Released general mutex
[ 14032 0x10e4fddc0][19 Jun 15:34:14][TR_API] TR_API::TrAPIStopDebug: Disabling debug mode
[ 14051 0x10af78dc0][19 Jun 15:34:30][TR_API] TR_API::TrAPIInitDebug: Debug initiated successfully 
[ 14051 0x10af78dc0][19 Jun 15:34:30][COMMAND_LINE] COMMAND_LINE was started
[ 14051 0x10af78dc0][19 Jun 15:34:30][RaisCertManager] RaisCertManager::CertManagerFactory::Create: Entering...
[ 14051 0x10af78dc0][19 Jun 15:34:30][RaisCertManager] RaisCertManager::CertManagerFactory::CertManager: Entering
[ 14051 0x10af78dc0][19 Jun 15:34:30][] handleCRLDistributionPoints: unsupported uri format https://www.apple.com/certificateauthority/root.crl
[ 14051 0x10af78dc0][19 Jun 15:34:30][] handleCRLDistributionPoints: unsupported uri format hhtp://www.suscerte.gob.ve/lcr
[ 14051 0x10af78dc0][19 Jun 15:34:30][RaisCertManager] RaisCertManager::KeychainHelper::init: Entering...
[ 14051 0x10af78dc0][19 Jun 15:34:30][RaisCertManager] RaisCertManager::KeychainHelper::createHandles: Entering...
[ 14051 0x10af78dc0][19 Jun 15:34:30][RaisCertManager] RaisCertManager::KeychainHelper::init: started server()
[ 14051 0x7000025ab000][19 Jun 15:34:30][RaisCertManager] RaisCertManager::KeychainHelper::server: Entering...
[ 14051 0x70000262e000][19 Jun 15:34:30][TR_API] TR_API::TrAPI::TrAPIInitThread: Initializing...
[ 14051 0x70000262e000][19 Jun 15:34:30][MessageLoop] MessageLoop::MessageLoop::Create: Message Loop created
[ 14051 0x70000262e000][19 Jun 15:34:30][messaging] messaging::setup: created a new TCP multi-pipe
[ 14051 0x70000262e000][19 Jun 15:34:30][TR_SRV2CL_X] TR_SRV2CL_X::Create: Created OK
[ 14051 0x70000262e000][19 Jun 15:34:30][TR_CL2SRV] TR_CL2SRV::Create: Created OK
[ 14051 0x70000262e000][19 Jun 15:34:30][TrComInf] TrComInf::TrComInfInit: __start__ Date: Jun 19, 2020
15:34:30
[ 14051 0x70000262e000][19 Jun 15:34:30][messaging] messaging::add_msg: added a new cb: msg - 2
[ 14051 0x70000262e000][19 Jun 15:34:30][tcpserver] TcpMultiPipe::pipe_socket_connect: Created m_sendingfd: 0x9 socket
[ 14051 0x70000262e000][19 Jun 15:34:30][tcpserver] TcpMultiPipe::pipe_socket_connect: m_sendingfd: 0x9 socket connected
[ 14051 0x70000262e000][19 Jun 15:34:30][tcpserver] TcpMultiPipe::pipe_if_connect: Successfully connected to socket on port 7778
[ 14051 0x70000262e000][19 Jun 15:34:30][messaging] messaging::init: Successfully initialized pipe
[ 14051 0x70000262e000][19 Jun 15:34:30][TrComInf] TrComInf::TrComInfInit: __end__ 15:34:30 Total time - 0 seconds
[ 14051 0x70000262e000][19 Jun 15:34:30][TR_API] TR_API::TrAPI::TrAPIInitThread: Adding error cb
[ 14051 0x70000262e000][19 Jun 15:34:30][TR_API] TR_API::TrAPI::TrAPIInitThread: Api Inited OK
[ 14051 0x7000026b1000][19 Jun 15:34:30][TR_API] TR_API::TrAPINotificationThread: Started
[ 14051 0x7000026b1000][19 Jun 15:34:30][TR_API] TR_API::TrAPINotificationThread: Acquiring queue mutex
[ 14051 0x7000026b1000][19 Jun 15:34:30][TR_API] TR_API::TrAPINotificationThread: Queue is empty. Waiting for it to fill
[ 14051 0x7000026b1000][19 Jun 15:34:30][TR_API] TR_API::TrAPINotificationThread: Released queue mutex
[ 14051 0x10af78dc0][19 Jun 15:34:30][TR_API] TR_API::TrGetConfigArg: paramName == debug_mode_enabled
[ 14051 0x10af78dc0][19 Jun 15:34:30][TR_API] TR_API::TrGetConfiguration: Acquiring general mutex
[ 14051 0x10af78dc0][19 Jun 15:34:30][MSGOBJ] msg_obj_init: format=1.0 id=TR_PARAMS
[ 14051 0x10af78dc0][19 Jun 15:34:30][TrComInf] TrComInfSendSync: __start__ 15:34:30
[ 14051 0x10af78dc0][19 Jun 15:34:30][TrComInf] TrComInf::TrComInfSendAsynchronic: __start__ 15:34:30
[ 14051 0x10af78dc0][19 Jun 15:34:30][TrComInf] TrComInf::TrComInf::TrComInfSendAsynchronic: Acquiring mutex
[ 14051 0x10af78dc0][19 Jun 15:34:30][messaging] messaging::send_all: Sending Message {{ 2 }} , len 298
[ 14051 0x10af78dc0][19 Jun 15:34:30][tcpserver] TcpMultiPipe::pipe_if_send: Message (306 bytes) written successfully to socket 0x9
[ 14051 0x10af78dc0][19 Jun 15:34:30][TrComInf] TrComInf::TrComInf::TrComInfSendAsynchronic: Released mutex
[ 14051 0x10af78dc0][19 Jun 15:34:30][TrComInf] TrComInf::TrComInfSendAsynchronic: __end__ 15:34:30 Total time - 0 seconds
[ 14051 0x70000262e000][19 Jun 15:34:30][tcpserver] TcpMultiPipe_socket_rcv_handler: Entering
[ 14051 0x70000262e000][19 Jun 15:34:30][tcpserver] TcpMultiPipe::socket_rcv_cb: Entering on socket 0x9
[ 14051 0x70000262e000][19 Jun 15:34:30][tcpserver] TcpMultiPipe::socket_rcv_cb: Read 641 bytes from socket 0x9
[ 14051 0x70000262e000][19 Jun 15:34:30][tcpserver] TcpMultiPipe::socket_rcv_cb: passed the SetLen!
[ 14051 0x70000262e000][19 Jun 15:34:30][messaging] messaging::_receive_callback: added a new client item: pipeID - 9
[ 14051 0x70000262e000][19 Jun 15:34:30][messaging] messaging::recognize_command: Received 2
[ 14051 0x70000262e000][19 Jun 15:34:30][messaging] messaging::msg_invoke: Running cmd 2
[ 14051 0x70000262e000][19 Jun 15:34:30][TrComInf] TrComInf::ReceiveMsg: Received ack!
[ 14051 0x10af78dc0][19 Jun 15:34:30][TrComInf] TrComInfSendSync: __end__ 15:34:30 Total time - 0 seconds
[ 14051 0x10af78dc0][19 Jun 15:34:30][TrMsg] TrMsg::HandleStringAfterInsertToSet: no change is needed
[ 14051 0x10af78dc0][19 Jun 15:34:30][TrMsg] TrMsg::HandleStringAfterInsertToSet: no change is needed
[ 14051 0x10af78dc0][19 Jun 15:34:30][TrMsg] TrMsg::HandleStringAfterInsertToSet: no change is needed
[ 14051 0x10af78dc0][19 Jun 15:34:30][TrMsg] TrMsg::HandleStringAfterInsertToSet: no change is needed
[ 14051 0x10af78dc0][19 Jun 15:34:30][TrMsg] TrMsg::HandleStringAfterInsertToSet: no change is needed
[ 14051 0x10af78dc0][19 Jun 15:34:30][TrMsg] TrMsg::HandleStringAfterInsertToSet: no change is needed
[ 14051 0x10af78dc0][19 Jun 15:34:30][TrMsg] TrMsg::HandleStringAfterInsertToSet: no change is needed
[ 14051 0x10af78dc0][19 Jun 15:34:30][TrMsg] TrMsg::HandleStringAfterInsertToSet: no change is needed
[ 14051 0x10af78dc0][19 Jun 15:34:30][TR_API] TR_API::TrGetConfiguration: Released general mutex
[ 14051 0x10af78dc0][19 Jun 15:34:30][TR_API] TR_API::TrAPIStopDebug: Disabling debug mode
